<?xml version="1.0" encoding="UTF-8"?>
<!-- Generated by org.testng.reporters.JUnitReportReporter -->
<testsuite hostname="Kashyap" failures="0" tests="5" name="tests.SeleniumTests" time="324.988" errors="0" timestamp="2024-03-24T18:41:22 EDT" skipped="0">
  <testcase classname="tests.SeleniumTests" name="Scenario1Test" time="116.125"/>
  <testcase classname="tests.SeleniumTests" name="Scenario2Test" time="65.886"/>
  <testcase classname="tests.SeleniumTests" name="Scenario3Test" time="38.642"/>
  <testcase classname="tests.SeleniumTests" name="Scenario4Test" time="47.590"/>
  <testcase classname="tests.SeleniumTests" name="Scenario5Test" time="56.745"/>
</testsuite> <!-- tests.SeleniumTests -->
