<?xml version="1.0" encoding="UTF-8"?>
<!-- Generated by org.testng.reporters.JUnitReportReporter -->
<testsuite hostname="Kashyap" failures="0" tests="5" name="selenium_automation.TestScenarios" time="296.757" errors="0" timestamp="2024-03-25T16:41:18 EDT" skipped="0">
  <testcase classname="selenium_automation.TestScenarios" name="Scenario1Test" time="114.953"/>
  <testcase classname="selenium_automation.TestScenarios" name="Scenario2Test" time="66.802"/>
  <testcase classname="selenium_automation.TestScenarios" name="Scenario3Test" time="33.152"/>
  <testcase classname="selenium_automation.TestScenarios" name="Scenario4Test" time="47.563"/>
  <testcase classname="selenium_automation.TestScenarios" name="Scenario5Test" time="34.287"/>
</testsuite> <!-- selenium_automation.TestScenarios -->
